0 info it worked if it ends with ok
1 verbose cli [ 'C:\\Program Files\\nodejs\\node.exe',
1 verbose cli   'C:\\Users\\jonas.koeritz\\AppData\\Roaming\\npm\\node_modules\\npm\\bin\\npm-cli.js',
1 verbose cli   'version',
1 verbose cli   'patch' ]
2 info using npm@3.10.5
3 info using node@v7.2.0
4 info git [ 'status', '--porcelain' ]
5 verbose stack Error: Git working directory not clean.
5 verbose stack M package.json
5 verbose stack     at C:\Users\jonas.koeritz\AppData\Roaming\npm\node_modules\npm\lib\version.js:247:19
5 verbose stack     at C:\Users\jonas.koeritz\AppData\Roaming\npm\node_modules\npm\lib\utils\no-progress-while-running.js:21:8
5 verbose stack     at ChildProcess.exithandler (child_process.js:202:7)
5 verbose stack     at emitTwo (events.js:106:13)
5 verbose stack     at ChildProcess.emit (events.js:191:7)
5 verbose stack     at maybeClose (internal/child_process.js:885:16)
5 verbose stack     at Socket.<anonymous> (internal/child_process.js:334:11)
5 verbose stack     at emitOne (events.js:96:13)
5 verbose stack     at Socket.emit (events.js:188:7)
5 verbose stack     at Pipe._handle.close [as _onclose] (net.js:501:12)
6 verbose cwd C:\Users\jonas.koeritz\Documents\THW\Taktische-Zeichen
7 error Windows_NT 10.0.14393
8 error argv "C:\\Program Files\\nodejs\\node.exe" "C:\\Users\\jonas.koeritz\\AppData\\Roaming\\npm\\node_modules\\npm\\bin\\npm-cli.js" "version" "patch"
9 error node v7.2.0
10 error npm  v3.10.5
11 error Git working directory not clean.
11 error M package.json
12 error If you need help, you may report this error at:
12 error     <https://github.com/npm/npm/issues>
13 verbose exit [ 1, true ]
